Arguments: 
  C:\Program Files\nodejs\node.exe C:\Users\אביב תורג'מן\AppData\Roaming\npm\node_modules\yarn\bin\yarn.js add popmotion

PATH: 
  C:\WINDOWS\system32;C:\WINDOWS;C:\WINDOWS\System32\Wbem;C:\WINDOWS\System32\WindowsPowerShell\v1.0\;C:\WINDOWS\System32\OpenSSH\;C:\Program Files\Microsoft SQL Server\130\Tools\Binn\;C:\Program Files (x86)\Microsoft SQL Server\150\DTS\Binn\;C:\Program Files\Azure Data Studio\bin;C:\Program Files\Microsoft SQL Server\150\Tools\Binn\;C:\Program Files\Microsoft SQL Server\Client SDK\ODBC\170\Tools\Binn\;C:\Program Files\dotnet\;C:\Program Files (x86)\Microsoft SQL Server\150\Tools\Binn\;C:\Program Files\Microsoft SQL Server\150\DTS\Binn\;C:\Program Files\Git\cmd;C:\Program Files\nodejs\;%SystemRoot%\system32;%SystemRoot%;%SystemRoot%\System32\Wbem;%SYSTEMROOT%\System32\WindowsPowerShell\v1.0\;%SYSTEMROOT%\System32\OpenSSH\;C:\Users\אביב תורג'מן\AppData\Local\Programs\Python\Python39\Scripts\;C:\Users\אביב תורג'מן\AppData\Local\Programs\Python\Python39\;C:\Users\אביב תורג'מן\AppData\Local\Microsoft\WindowsApps;C:\Users\אביב תורג'מן\AppData\Local\Programs\Microsoft VS Code\bin;C:\Program Files\Azure Data Studio\bin;C:\Users\אביב תורג'מן\.dotnet\tools;C:\Users\אביב תורג'מן\AppData\Roaming\npm;

Yarn version: 
  1.22.19

Node version: 
  16.16.0

Platform: 
  win32 x64

Trace: 
  Error: EPERM: operation not permitted, unlink 'C:\react-native\app_trial\Client\node_modules\@egjs\.hammerjs-jcX7nSBv\tests\unit\test_enable.js'

npm manifest: 
  {
    "name": "trial1",
    "version": "1.0.0",
    "main": "node_modules/expo/AppEntry.js",
    "scripts": {
      "start": "expo start --lan",
      "android": "expo start --android",
      "ios": "expo start --ios",
      "web": "expo start --web",
      "eject": "expo eject"
    },
    "dependencies": {
      "@motify/components": "^0.18.0",
      "@react-native-async-storage/async-storage": "~1.17.3",
      "@react-navigation/drawer": "^6.4.4",
      "@react-navigation/native": "^6.0.11",
      "@react-navigation/native-stack": "^6.7.0",
      "axios": "^0.27.2",
      "dotenv": "^16.0.1",
      "easing": "^1.2.1",
      "expo": "^46.0.0",
      "expo-asset": "~8.6.1",
      "expo-file-system": "~14.1.0",
      "expo-location": "~14.3.0",
      "expo-status-bar": "~1.4.0",
      "feather-icons": "^4.29.0",
      "jsonwebtoken": "^8.5.1",
      "lottie-react-native": "5.1.3",
      "moti": "^0.19.0",
      "navigate": "^0.3.6",
      "node-modules": "^1.0.1",
      "react": "18.0.0",
      "react-dom": "18.0.0",
      "react-hook-use-state": "^1.1.0",
      "react-native": "0.69.6",
      "react-native-debugger": "^1.1.0",
      "react-native-maps": "0.31.1",
      "react-native-paper": "^4.12.4",
      "react-native-router-flux": "^4.3.1",
      "react-native-safe-area-context": "4.3.1",
      "react-native-screens": "~3.15.0",
      "react-native-vector-icons": "^9.2.0",
      "react-native-web": "~0.18.7",
      "react-navigation": "^4.4.4",
      "react-navigation-drawer": "^2.7.2",
      "react-router-dom": "^6.3.0",
      "react-router-native": "^6.3.0",
      "read-excel-file": "^5.4.7",
      "use-location-state": "^3.0.2",
      "usestate": "^1.1.3",
      "xlsx": "^0.18.5",
      "react-native-reanimated": "1.13.4"
    },
    "devDependencies": {
      "@babel/core": "^7.18.6"
    },
    "private": true
  }

yarn manifest: 
  No manifest

Lockfile: 
  No lockfile
